puts "#HD: Running synthesis for block Static"
puts "	#HD: Setting Tcl Params:"
set_param hd.visual 1
create_project -in_memory -part xc7z020clg484-1
add_files ./Sources/hdl/top/clocks.v
add_files ./Sources/hdl/top/top.v
synth_design -mode default -flatten_hierarchy rebuilt -top top -part xc7z020clg484-1
write_checkpoint -force ./Synth/Static/top_synth.dcp
report_utilization -file ./Synth/Static/top_utilization_synth.rpt
close_project
puts "#HD: Synthesis of module Static complete\n"
puts "#HD: Running synthesis for block shift_right"
puts "	#HD: Setting Tcl Params:"
set_param hd.visual 1
create_project -in_memory -part xc7z020clg484-1
add_files ./Sources/hdl/shift_right/shift_right.v
synth_design -mode out_of_context -flatten_hierarchy rebuilt -top shift -part xc7z020clg484-1
write_checkpoint -force ./Synth/shift_right/shift_synth.dcp
report_utilization -file ./Synth/shift_right/shift_utilization_synth.rpt
close_project
puts "#HD: Synthesis of module shift_right complete\n"
puts "#HD: Running synthesis for block shift_left"
puts "	#HD: Setting Tcl Params:"
set_param hd.visual 1
create_project -in_memory -part xc7z020clg484-1
add_files ./Sources/hdl/shift_left/shift_left.v
synth_design -mode out_of_context -flatten_hierarchy rebuilt -top shift -part xc7z020clg484-1
write_checkpoint -force ./Synth/shift_left/shift_synth.dcp
report_utilization -file ./Synth/shift_left/shift_utilization_synth.rpt
close_project
puts "#HD: Synthesis of module shift_left complete\n"
puts "#HD: Running synthesis for block count_up"
puts "	#HD: Setting Tcl Params:"
set_param hd.visual 1
create_project -in_memory -part xc7z020clg484-1
add_files ./Sources/hdl/count_up/count_up.v
synth_design -mode out_of_context -flatten_hierarchy rebuilt -top count -part xc7z020clg484-1
write_checkpoint -force ./Synth/count_up/count_synth.dcp
report_utilization -file ./Synth/count_up/count_utilization_synth.rpt
close_project
puts "#HD: Synthesis of module count_up complete\n"
puts "#HD: Running synthesis for block count_down"
puts "	#HD: Setting Tcl Params:"
set_param hd.visual 1
create_project -in_memory -part xc7z020clg484-1
add_files ./Sources/hdl/count_down/count_down.v
synth_design -mode out_of_context -flatten_hierarchy rebuilt -top count -part xc7z020clg484-1
write_checkpoint -force ./Synth/count_down/count_synth.dcp
report_utilization -file ./Synth/count_down/count_utilization_synth.rpt
close_project
puts "#HD: Synthesis of module count_down complete\n"
