#-----------------------------------------------------------
# Vivado v2015.4 (64-bit)
# SW Build 1412921 on Wed Nov 18 09:43:45 MST 2015
# IP Build 1412160 on Tue Nov 17 13:47:24 MST 2015
# Start of session at: Sun Aug 13 20:03:49 2017
# Process ID: 1164
# Current directory: C:/Users/efear/Google Drive/TOBB/ELE519/Projects/Term Project/src/PR_shift_count/Synth/Static
# Command line: vivado.exe -gui_launcher_event rodinguilauncherevent6872 C:\Users\efear\Google Drive\TOBB\ELE519\Projects\Term Project\src\PR_shift_count\Synth\Static\top_synth.dcp
# Log file: C:/Users/efear/Google Drive/TOBB/ELE519/Projects/Term Project/src/PR_shift_count/Synth/Static/vivado.log
# Journal file: C:/Users/efear/Google Drive/TOBB/ELE519/Projects/Term Project/src/PR_shift_count/Synth/Static\vivado.jou
#-----------------------------------------------------------
start_gui
open_checkpoint {C:\Users\efear\Google Drive\TOBB\ELE519\Projects\Term Project\src\PR_shift_count\Synth\Static\top_synth.dcp}
Command: open_checkpoint {C:\Users\efear\Google Drive\TOBB\ELE519\Projects\Term Project\src\PR_shift_count\Synth\Static\top_synth.dcp}
INFO: [IP_Flow 19-234] Refreshing IP repositories
INFO: [IP_Flow 19-1704] No user IP repositories specified
INFO: [IP_Flow 19-2313] Loaded Vivado IP repository 'C:/Xilinx/Vivado/2015.4/data/ip'.
INFO: [Netlist 29-17] Analyzing 18 Unisim elements for replacement
INFO: [Netlist 29-28] Unisim Transformation completed in 0 CPU seconds
INFO: [Project 1-479] Netlist was created with Vivado 2015.4
INFO: [Device 21-403] Loading part xc7z020clg484-1
INFO: [Project 1-570] Preparing netlist for logic optimization
Parsing XDC File [C:/Users/efear/Google Drive/TOBB/ELE519/Projects/Term Project/src/PR_shift_count/Synth/Static/.Xil/Vivado-1164-DESKTOP-ATPPKRH/dcp/top.xdc]
WARNING: [Constraints 18-619] A clock with name 'clk_p' already exists, overwriting the previous clock with the same name. [C:/Users/efear/Google Drive/TOBB/ELE519/Projects/Term Project/src/PR_shift_count/Sources/xdc/top_io.xdc:28]
WARNING: [Constraints 18-619] A clock with name 'clk_p' already exists, overwriting the previous clock with the same name. [C:/Users/efear/Google Drive/TOBB/ELE519/Projects/Term Project/src/PR_shift_count/Sources/xdc/top_io.xdc:28]
WARNING: [Constraints 18-619] A clock with name 'clk_n' already exists, overwriting the previous clock with the same name. [C:/Users/efear/Google Drive/TOBB/ELE519/Projects/Term Project/src/PR_shift_count/Sources/xdc/top_io.xdc:29]
Finished Parsing XDC File [C:/Users/efear/Google Drive/TOBB/ELE519/Projects/Term Project/src/PR_shift_count/Synth/Static/.Xil/Vivado-1164-DESKTOP-ATPPKRH/dcp/top.xdc]
Parsing XDC File [C:/Users/efear/Google Drive/TOBB/ELE519/Projects/Term Project/src/PR_shift_count/Synth/Static/.Xil/Vivado-1164-DESKTOP-ATPPKRH/dcp/top_late.xdc]
Finished Parsing XDC File [C:/Users/efear/Google Drive/TOBB/ELE519/Projects/Term Project/src/PR_shift_count/Synth/Static/.Xil/Vivado-1164-DESKTOP-ATPPKRH/dcp/top_late.xdc]
Reading XDEF placement.
Reading placer database...
Reading XDEF routing.
Read XDEF File: Time (s): cpu = 00:00:00 ; elapsed = 00:00:00.056 . Memory (MB): peak = 1002.172 ; gain = 0.000
Restored from archive | CPU: 0.000000 secs | Memory: 0.000000 MB |
Finished XDEF File Restore: Time (s): cpu = 00:00:00 ; elapsed = 00:00:00.056 . Memory (MB): peak = 1002.172 ; gain = 0.000
INFO: [Project 1-111] Unisim Transformation Summary:
No Unisim elements were transformed.

INFO: [Project 1-604] Checkpoint was created with Vivado v2015.4 (64-bit) build 1412921
open_checkpoint: Time (s): cpu = 00:00:26 ; elapsed = 00:00:15 . Memory (MB): peak = 1144.117 ; gain = 560.930
pwd
C:/Users/efear/Google Drive/TOBB/ELE519/Projects/Term Project/src/PR_shift_count/Synth/Static
cd ..
cd ..
pwd
C:/Users/efear/Google Drive/TOBB/ELE519/Projects/Term Project/src/PR_shift_count
write_xdc ./Sources/xdc/fplan.xdc
C:/Users/efear/Google Drive/TOBB/ELE519/Projects/Term Project/src/PR_shift_count/Sources/xdc/fplan.xdc
